0 info it worked if it ends with ok
1 verbose cli [ 'node', '/usr/local/bin/npm', 'install', 'watchify', '-g' ]
2 info using npm@1.4.28
3 info using node@v0.10.36
4 verbose cache add [ 'watchify', null ]
5 verbose cache add name=undefined spec="watchify" args=["watchify",null]
6 verbose parsed url { protocol: null,
6 verbose parsed url   slashes: null,
6 verbose parsed url   auth: null,
6 verbose parsed url   host: null,
6 verbose parsed url   port: null,
6 verbose parsed url   hostname: null,
6 verbose parsed url   hash: null,
6 verbose parsed url   search: null,
6 verbose parsed url   query: null,
6 verbose parsed url   pathname: 'watchify',
6 verbose parsed url   path: 'watchify',
6 verbose parsed url   href: 'watchify' }
7 silly lockFile f821d843-watchify watchify
8 verbose lock watchify /Users/mac/.npm/f821d843-watchify.lock
9 silly lockFile f821d843-watchify watchify
10 silly lockFile f821d843-watchify watchify
11 verbose addNamed [ 'watchify', '' ]
12 verbose addNamed [ null, '*' ]
13 silly lockFile 19227da7-watchify watchify@
14 verbose lock watchify@ /Users/mac/.npm/19227da7-watchify.lock
15 silly addNameRange { name: 'watchify', range: '*', hasData: false }
16 verbose request where is /watchify
17 verbose request registry https://registry.npmjs.org/
18 verbose request id a8e6e827bff83064
19 verbose url raw /watchify
20 verbose url resolving [ 'https://registry.npmjs.org/', './watchify' ]
21 verbose url resolved https://registry.npmjs.org/watchify
22 verbose request where is https://registry.npmjs.org/watchify
23 info trying registry request attempt 1 at 00:09:48
24 verbose etag "2B23F5G6CUFTKB9KFPP5XMO23"
25 http GET https://registry.npmjs.org/watchify
26 http 304 https://registry.npmjs.org/watchify
27 silly registry.get cb [ 304,
27 silly registry.get   { date: 'Fri, 22 May 2015 22:09:49 GMT',
27 silly registry.get     via: '1.1 varnish',
27 silly registry.get     'cache-control': 'max-age=60',
27 silly registry.get     etag: '"2B23F5G6CUFTKB9KFPP5XMO23"',
27 silly registry.get     age: '0',
27 silly registry.get     connection: 'keep-alive',
27 silly registry.get     'x-served-by': 'cache-ams4131-AMS',
27 silly registry.get     'x-cache': 'HIT',
27 silly registry.get     'x-cache-hits': '1',
27 silly registry.get     'x-timer': 'S1432332589.990190,VS0,VE380',
27 silly registry.get     vary: 'Accept' } ]
28 verbose etag https://registry.npmjs.org/watchify from cache
29 silly addNameRange number 2 { name: 'watchify', range: '*', hasData: true }
30 silly addNameRange versions [ 'watchify',
30 silly addNameRange   [ '0.0.0',
30 silly addNameRange     '0.0.1',
30 silly addNameRange     '0.1.0',
30 silly addNameRange     '0.2.0',
30 silly addNameRange     '0.3.0',
30 silly addNameRange     '0.4.0',
30 silly addNameRange     '0.4.1',
30 silly addNameRange     '0.5.0',
30 silly addNameRange     '0.5.1',
30 silly addNameRange     '0.5.2',
30 silly addNameRange     '0.5.3',
30 silly addNameRange     '0.5.4',
30 silly addNameRange     '0.5.5',
30 silly addNameRange     '0.5.6',
30 silly addNameRange     '0.6.0',
30 silly addNameRange     '0.6.1',
30 silly addNameRange     '0.6.2',
30 silly addNameRange     '0.6.3',
30 silly addNameRange     '0.6.4',
30 silly addNameRange     '0.7.0',
30 silly addNameRange     '0.7.1',
30 silly addNameRange     '0.7.2',
30 silly addNameRange     '0.8.0',
30 silly addNameRange     '0.8.1',
30 silly addNameRange     '0.8.2',
30 silly addNameRange     '0.8.3',
30 silly addNameRange     '0.9.0',
30 silly addNameRange     '0.10.0',
30 silly addNameRange     '0.10.1',
30 silly addNameRange     '0.10.2',
30 silly addNameRange     '1.0.0',
30 silly addNameRange     '1.0.1',
30 silly addNameRange     '1.0.2',
30 silly addNameRange     '1.0.3',
30 silly addNameRange     '1.0.4',
30 silly addNameRange     '1.0.5',
30 silly addNameRange     '1.0.6',
30 silly addNameRange     '2.0.0',
30 silly addNameRange     '2.1.0',
30 silly addNameRange     '2.1.1',
30 silly addNameRange     '2.2.0',
30 silly addNameRange     '2.2.1',
30 silly addNameRange     '2.3.0',
30 silly addNameRange     '2.4.0',
30 silly addNameRange     '2.5.0',
30 silly addNameRange     '2.6.0',
30 silly addNameRange     '2.6.1',
30 silly addNameRange     '2.6.2',
30 silly addNameRange     '3.0.0',
30 silly addNameRange     '3.0.1',
30 silly addNameRange     '3.1.0',
30 silly addNameRange     '3.1.1',
30 silly addNameRange     '3.1.2',
30 silly addNameRange     '3.2.0',
30 silly addNameRange     '3.2.1' ] ]
31 verbose addNamed [ 'watchify', '3.2.1' ]
32 verbose addNamed [ '3.2.1', '3.2.1' ]
33 silly lockFile bfc6789e-watchify-3-2-1 watchify@3.2.1
34 verbose lock watchify@3.2.1 /Users/mac/.npm/bfc6789e-watchify-3-2-1.lock
35 silly lockFile bfc6789e-watchify-3-2-1 watchify@3.2.1
36 silly lockFile bfc6789e-watchify-3-2-1 watchify@3.2.1
37 silly lockFile 19227da7-watchify watchify@
38 silly lockFile 19227da7-watchify watchify@
39 silly resolved [ { name: 'watchify',
39 silly resolved     version: '3.2.1',
39 silly resolved     description: 'watch mode for browserify builds',
39 silly resolved     main: 'index.js',
39 silly resolved     bin: { watchify: 'bin/cmd.js' },
39 silly resolved     dependencies:
39 silly resolved      { browserify: '^10.0.0',
39 silly resolved        chokidar: '^1.0.0',
39 silly resolved        defined: '^1.0.0',
39 silly resolved        outpipe: '^1.1.0',
39 silly resolved        through2: '~0.6.3',
39 silly resolved        xtend: '^4.0.0' },
39 silly resolved     devDependencies:
39 silly resolved      { brfs: '^1.0.1',
39 silly resolved        mkdirp: '~0.3.5',
39 silly resolved        split: '~0.3.0',
39 silly resolved        tape: '^2.12.3',
39 silly resolved        'win-spawn': '^2.0.0' },
39 silly resolved     scripts: { test: 'tape test/*.js' },
39 silly resolved     repository: { type: 'git', url: 'git://github.com/substack/watchify.git' },
39 silly resolved     homepage: 'https://github.com/substack/watchify',
39 silly resolved     keywords:
39 silly resolved      [ 'browserify',
39 silly resolved        'browserify-tool',
39 silly resolved        'watch',
39 silly resolved        'bundle',
39 silly resolved        'build',
39 silly resolved        'browser' ],
39 silly resolved     author:
39 silly resolved      { name: 'James Halliday',
39 silly resolved        email: 'mail@substack.net',
39 silly resolved        url: 'http://substack.net' },
39 silly resolved     license: 'MIT',
39 silly resolved     gitHead: '690523e6b20112b444f637296a6e4f80cea3fc6a',
39 silly resolved     bugs: { url: 'https://github.com/substack/watchify/issues' },
39 silly resolved     _id: 'watchify@3.2.1',
39 silly resolved     _shasum: '19bcfd7bfcbf41d7f4fe3c29740bce45f764e203',
39 silly resolved     _from: 'watchify@',
39 silly resolved     _npmVersion: '1.4.28',
39 silly resolved     _npmUser: { name: 'zertosh', email: 'zertosh@gmail.com' },
39 silly resolved     maintainers: [ [Object], [Object], [Object] ],
39 silly resolved     dist:
39 silly resolved      { shasum: '19bcfd7bfcbf41d7f4fe3c29740bce45f764e203',
39 silly resolved        tarball: 'http://registry.npmjs.org/watchify/-/watchify-3.2.1.tgz' },
39 silly resolved     directories: {},
39 silly resolved     _resolved: 'https://registry.npmjs.org/watchify/-/watchify-3.2.1.tgz',
39 silly resolved     readme: 'ERROR: No README data found!' } ]
40 info install watchify@3.2.1 into /usr/local/lib
41 info installOne watchify@3.2.1
42 verbose lib/node_modules/watchify unbuild
43 verbose tar unpack /Users/mac/.npm/watchify/3.2.1/package.tgz
44 silly lockFile 6fba49bc--local-lib-node-modules-watchify tar:///usr/local/lib/node_modules/watchify
45 verbose lock tar:///usr/local/lib/node_modules/watchify /Users/mac/.npm/6fba49bc--local-lib-node-modules-watchify.lock
46 silly lockFile f9daf052-c-npm-watchify-3-2-1-package-tgz tar:///Users/mac/.npm/watchify/3.2.1/package.tgz
47 verbose lock tar:///Users/mac/.npm/watchify/3.2.1/package.tgz /Users/mac/.npm/f9daf052-c-npm-watchify-3-2-1-package-tgz.lock
48 silly gunzTarPerm modes [ '755', '644' ]
49 error Error: EACCES, mkdir '/usr/local/lib/node_modules/watchify'
49 error  { [Error: EACCES, mkdir '/usr/local/lib/node_modules/watchify']
49 error   errno: 3,
49 error   code: 'EACCES',
49 error   path: '/usr/local/lib/node_modules/watchify',
49 error   fstream_type: 'Directory',
49 error   fstream_path: '/usr/local/lib/node_modules/watchify',
49 error   fstream_class: 'DirWriter',
49 error   fstream_stack:
49 error    [ '/usr/local/lib/node_modules/npm/node_modules/fstream/lib/dir-writer.js:36:23',
49 error      '/usr/local/lib/node_modules/npm/node_modules/mkdirp/index.js:46:53',
49 error      'Object.oncomplete (fs.js:108:15)' ] }
50 error Please try running this command again as root/Administrator.
51 error System Darwin 14.0.0
52 error command "node" "/usr/local/bin/npm" "install" "watchify" "-g"
53 error cwd /Users/mac/Playground/react-modals
54 error node -v v0.10.36
55 error npm -v 1.4.28
56 error path /usr/local/lib/node_modules/watchify
57 error fstream_path /usr/local/lib/node_modules/watchify
58 error fstream_type Directory
59 error fstream_class DirWriter
60 error code EACCES
61 error errno 3
62 error stack Error: EACCES, mkdir '/usr/local/lib/node_modules/watchify'
63 error fstream_stack /usr/local/lib/node_modules/npm/node_modules/fstream/lib/dir-writer.js:36:23
63 error fstream_stack /usr/local/lib/node_modules/npm/node_modules/mkdirp/index.js:46:53
63 error fstream_stack Object.oncomplete (fs.js:108:15)
64 verbose exit [ 3, true ]
